2025-05-13 02:01:48,522 [INFO] Initializing MAVLink Node...
2025-05-13 02:01:48,528 [INFO] MAVLink Node initialized (System ID: 1,Component ID: 25)
2025-05-13 02:01:48,528 [INFO] MAVLink node running...
2025-05-13 02:01:48,529 [INFO] Heartbeat sent (System ID: 1, Component ID: 25, State: 3)
2025-05-13 02:01:49,531 [INFO] Heartbeat sent (System ID: 1, Component ID: 25, State: 3)
2025-05-13 02:01:50,533 [INFO] Heartbeat sent (System ID: 1, Component ID: 25, State: 3)
2025-05-13 02:01:51,535 [INFO] Heartbeat sent (System ID: 1, Component ID: 25, State: 3)
2025-05-13 02:01:52,537 [INFO] Heartbeat sent (System ID: 1, Component ID: 25, State: 3)
2025-05-13 02:01:53,538 [INFO] Heartbeat sent (System ID: 1, Component ID: 25, State: 3)
2025-05-13 02:01:54,539 [INFO] Heartbeat sent (System ID: 1, Component ID: 25, State: 3)
2025-05-13 02:01:55,541 [INFO] Heartbeat sent (System ID: 1, Component ID: 25, State: 3)
2025-05-13 02:01:56,542 [INFO] Heartbeat sent (System ID: 1, Component ID: 25, State: 3)
2025-05-13 02:01:57,545 [INFO] Heartbeat sent (System ID: 1, Component ID: 25, State: 3)
2025-05-13 02:01:58,547 [INFO] Heartbeat sent (System ID: 1, Component ID: 25, State: 3)
2025-05-13 02:01:58,548 [INFO] Received command ID: 1
2025-05-13 02:01:58,548 [INFO] Sent command acknowledgment with result: 0
2025-05-13 02:01:58,548 [INFO] Status sent: State changed to: 4
2025-05-13 02:01:58,548 [INFO] Scanning... 1/5
2025-05-13 02:01:58,548 [INFO] Status sent: Performing scan type: LiDAR, State remains: 4
2025-05-13 02:01:59,550 [INFO] Scanning... 2/5
2025-05-13 02:01:59,550 [INFO] Status sent: Performing scan type: LiDAR, State remains: 4
2025-05-13 02:02:00,551 [INFO] Scanning... 3/5
2025-05-13 02:02:00,552 [INFO] Status sent: Performing scan type: LiDAR, State remains: 4
2025-05-13 02:02:01,561 [INFO] Scanning... 4/5
2025-05-13 02:02:01,561 [INFO] Status sent: Performing scan type: LiDAR, State remains: 4
2025-05-13 02:02:02,563 [INFO] Scanning... 5/5
2025-05-13 02:02:02,563 [INFO] Status sent: Performing scan type: LiDAR, State remains: 4
2025-05-13 02:02:03,569 [INFO] Status sent: State changed to: 3
2025-05-13 02:02:04,571 [INFO] Heartbeat sent (System ID: 1, Component ID: 25, State: 3)
2025-05-13 02:02:05,574 [INFO] Heartbeat sent (System ID: 1, Component ID: 25, State: 3)
2025-05-13 02:02:06,575 [INFO] Heartbeat sent (System ID: 1, Component ID: 25, State: 3)
2025-05-13 02:02:07,577 [INFO] Heartbeat sent (System ID: 1, Component ID: 25, State: 3)
2025-05-13 02:02:08,580 [INFO] Heartbeat sent (System ID: 1, Component ID: 25, State: 3)
2025-05-13 02:02:09,582 [INFO] Heartbeat sent (System ID: 1, Component ID: 25, State: 3)
2025-05-13 02:02:08,469 [INFO] Heartbeat sent (System ID: 1, Component ID: 25, State: 3)
2025-05-13 02:02:09,481 [INFO] Heartbeat sent (System ID: 1, Component ID: 25, State: 3)
2025-05-13 02:02:10,487 [INFO] Heartbeat sent (System ID: 1, Component ID: 25, State: 3)
2025-05-13 02:02:11,491 [INFO] Heartbeat sent (System ID: 1, Component ID: 25, State: 3)
2025-05-13 02:02:12,493 [INFO] Heartbeat sent (System ID: 1, Component ID: 25, State: 3)
2025-05-13 02:02:13,494 [INFO] Heartbeat sent (System ID: 1, Component ID: 25, State: 3)
2025-05-13 02:02:13,494 [INFO] Received command ID: 1
2025-05-13 02:02:13,494 [INFO] Sent command acknowledgment with result: 0
2025-05-13 02:02:13,495 [INFO] Status sent: State changed to: 4
2025-05-13 02:02:13,495 [INFO] Scanning... 1/3
2025-05-13 02:02:13,495 [INFO] Status sent: Performing scan type: Radar, State remains: 4
2025-05-13 02:02:14,496 [INFO] Scanning... 2/3
2025-05-13 02:02:14,497 [INFO] Status sent: Performing scan type: Radar, State remains: 4
2025-05-13 02:02:15,498 [INFO] Scanning... 3/3
2025-05-13 02:02:15,498 [INFO] Status sent: Performing scan type: Radar, State remains: 4
2025-05-13 02:02:16,500 [INFO] Status sent: State changed to: 3
2025-05-13 02:02:17,506 [INFO] Heartbeat sent (System ID: 1, Component ID: 25, State: 3)
2025-05-13 02:02:18,508 [INFO] Heartbeat sent (System ID: 1, Component ID: 25, State: 3)
2025-05-13 02:02:19,510 [INFO] Heartbeat sent (System ID: 1, Component ID: 25, State: 3)
2025-05-13 02:02:20,512 [INFO] Heartbeat sent (System ID: 1, Component ID: 25, State: 3)
2025-05-13 02:02:21,512 [INFO] Shutting down...
2025-05-13 02:02:21,513 [INFO] Shut down complete.